mode: set
/home/pascal/Dropbox/projets/go/optimize/gss.go:34.93,36.2 1 1
/home/pascal/Dropbox/projets/go/optimize/gss.go:37.110,38.11 1 1
/home/pascal/Dropbox/projets/go/optimize/gss.go:41.2,43.6 3 1
/home/pascal/Dropbox/projets/go/optimize/gss.go:38.11,40.3 1 0
/home/pascal/Dropbox/projets/go/optimize/gss.go:43.6,44.20 1 1
/home/pascal/Dropbox/projets/go/optimize/gss.go:47.3,48.14 2 1
/home/pascal/Dropbox/projets/go/optimize/gss.go:51.3,51.12 1 1
/home/pascal/Dropbox/projets/go/optimize/gss.go:54.3,54.20 1 1
/home/pascal/Dropbox/projets/go/optimize/gss.go:58.3,58.20 1 1
/home/pascal/Dropbox/projets/go/optimize/gss.go:62.3,62.14 1 1
/home/pascal/Dropbox/projets/go/optimize/gss.go:44.20,46.4 1 1
/home/pascal/Dropbox/projets/go/optimize/gss.go:48.14,50.4 1 1
/home/pascal/Dropbox/projets/go/optimize/gss.go:51.12,53.4 1 0
/home/pascal/Dropbox/projets/go/optimize/gss.go:54.20,57.4 2 1
/home/pascal/Dropbox/projets/go/optimize/gss.go:58.20,61.4 2 1
/home/pascal/Dropbox/projets/go/optimize/gss.go:62.14,64.4 1 1
/home/pascal/Dropbox/projets/go/optimize/gss.go:64.9,66.4 1 1
/home/pascal/Dropbox/projets/go/optimize/powell.go:18.49,21.2 2 1
/home/pascal/Dropbox/projets/go/optimize/powell.go:24.78,26.2 1 1
/home/pascal/Dropbox/projets/go/optimize/powell.go:50.30,57.29 3 1
/home/pascal/Dropbox/projets/go/optimize/powell.go:65.2,66.31 2 1
/home/pascal/Dropbox/projets/go/optimize/powell.go:71.2,74.33 3 1
/home/pascal/Dropbox/projets/go/optimize/powell.go:93.2,95.25 3 1
/home/pascal/Dropbox/projets/go/optimize/powell.go:99.2,104.23 6 1
/home/pascal/Dropbox/projets/go/optimize/powell.go:107.2,107.6 1 1
/home/pascal/Dropbox/projets/go/optimize/powell.go:161.2,162.22 2 1
/home/pascal/Dropbox/projets/go/optimize/powell.go:183.2,184.10 2 1
/home/pascal/Dropbox/projets/go/optimize/powell.go:57.29,58.12 1 1
/home/pascal/Dropbox/projets/go/optimize/powell.go:61.3,61.11 1 1
/home/pascal/Dropbox/projets/go/optimize/powell.go:58.12,60.4 1 0
/home/pascal/Dropbox/projets/go/optimize/powell.go:66.31,70.3 3 1
/home/pascal/Dropbox/projets/go/optimize/powell.go:74.33,77.3 2 1
/home/pascal/Dropbox/projets/go/optimize/powell.go:77.8,77.25 1 0
/home/pascal/Dropbox/projets/go/optimize/powell.go:77.25,80.30 1 0
/home/pascal/Dropbox/projets/go/optimize/powell.go:80.30,82.4 1 0
/home/pascal/Dropbox/projets/go/optimize/powell.go:82.9,84.4 1 0
/home/pascal/Dropbox/projets/go/optimize/powell.go:85.8,85.24 1 0
/home/pascal/Dropbox/projets/go/optimize/powell.go:85.24,86.31 1 0
/home/pascal/Dropbox/projets/go/optimize/powell.go:86.31,88.4 1 0
/home/pascal/Dropbox/projets/go/optimize/powell.go:88.9,90.4 1 0
/home/pascal/Dropbox/projets/go/optimize/powell.go:95.25,97.3 1 1
/home/pascal/Dropbox/projets/go/optimize/powell.go:104.23,106.3 1 1
/home/pascal/Dropbox/projets/go/optimize/powell.go:107.6,111.27 4 1
/home/pascal/Dropbox/projets/go/optimize/powell.go:120.3,121.22 2 1
/home/pascal/Dropbox/projets/go/optimize/powell.go:124.3,125.27 2 1
/home/pascal/Dropbox/projets/go/optimize/powell.go:128.3,128.23 1 1
/home/pascal/Dropbox/projets/go/optimize/powell.go:131.3,131.22 1 1
/home/pascal/Dropbox/projets/go/optimize/powell.go:138.3,138.24 1 1
/home/pascal/Dropbox/projets/go/optimize/powell.go:143.3,145.15 2 1
/home/pascal/Dropbox/projets/go/optimize/powell.go:111.27,115.28 4 1
/home/pascal/Dropbox/projets/go/optimize/powell.go:115.28,118.5 2 1
/home/pascal/Dropbox/projets/go/optimize/powell.go:121.22,123.4 1 1
/home/pascal/Dropbox/projets/go/optimize/powell.go:125.27,126.9 1 1
/home/pascal/Dropbox/projets/go/optimize/powell.go:128.23,129.9 1 0
/home/pascal/Dropbox/projets/go/optimize/powell.go:131.22,132.9 1 0
/home/pascal/Dropbox/projets/go/optimize/powell.go:138.24,142.4 3 1
/home/pascal/Dropbox/projets/go/optimize/powell.go:145.15,151.15 6 0
/home/pascal/Dropbox/projets/go/optimize/powell.go:151.15,157.5 3 0
/home/pascal/Dropbox/projets/go/optimize/powell.go:162.22,166.18 3 0
/home/pascal/Dropbox/projets/go/optimize/powell.go:166.18,168.4 1 0
/home/pascal/Dropbox/projets/go/optimize/powell.go:169.8,169.28 1 1
/home/pascal/Dropbox/projets/go/optimize/powell.go:169.28,173.18 3 0
/home/pascal/Dropbox/projets/go/optimize/powell.go:173.18,175.4 1 0
/home/pascal/Dropbox/projets/go/optimize/powell.go:176.8,178.18 1 1
/home/pascal/Dropbox/projets/go/optimize/powell.go:178.18,180.4 1 1
/home/pascal/Dropbox/projets/go/optimize/powell.go:191.47,193.36 2 1
/home/pascal/Dropbox/projets/go/optimize/powell.go:202.2,208.19 5 1
/home/pascal/Dropbox/projets/go/optimize/powell.go:213.2,213.26 1 1
/home/pascal/Dropbox/projets/go/optimize/powell.go:193.36,197.24 2 1
/home/pascal/Dropbox/projets/go/optimize/powell.go:200.3,200.19 1 1
/home/pascal/Dropbox/projets/go/optimize/powell.go:197.24,199.4 1 1
/home/pascal/Dropbox/projets/go/optimize/powell.go:208.19,211.3 2 1
/home/pascal/Dropbox/projets/go/optimize/powell.go:227.118,236.13 6 1
/home/pascal/Dropbox/projets/go/optimize/powell.go:240.2,244.14 5 1
/home/pascal/Dropbox/projets/go/optimize/powell.go:304.2,304.41 1 1
/home/pascal/Dropbox/projets/go/optimize/powell.go:236.13,239.3 2 1
/home/pascal/Dropbox/projets/go/optimize/powell.go:244.14,248.36 4 1
/home/pascal/Dropbox/projets/go/optimize/powell.go:253.3,255.23 3 1
/home/pascal/Dropbox/projets/go/optimize/powell.go:258.3,259.26 2 1
/home/pascal/Dropbox/projets/go/optimize/powell.go:297.3,302.10 6 1
/home/pascal/Dropbox/projets/go/optimize/powell.go:248.36,250.4 1 0
/home/pascal/Dropbox/projets/go/optimize/powell.go:250.9,252.4 1 1
/home/pascal/Dropbox/projets/go/optimize/powell.go:255.23,257.4 1 0
/home/pascal/Dropbox/projets/go/optimize/powell.go:259.26,262.15 3 1
/home/pascal/Dropbox/projets/go/optimize/powell.go:273.4,275.14 3 0
/home/pascal/Dropbox/projets/go/optimize/powell.go:262.15,268.5 5 1
/home/pascal/Dropbox/projets/go/optimize/powell.go:268.10,268.22 1 0
/home/pascal/Dropbox/projets/go/optimize/powell.go:268.22,272.5 3 0
/home/pascal/Dropbox/projets/go/optimize/powell.go:276.9,276.39 1 1
/home/pascal/Dropbox/projets/go/optimize/powell.go:276.39,280.4 3 0
/home/pascal/Dropbox/projets/go/optimize/powell.go:280.9,280.35 1 1
/home/pascal/Dropbox/projets/go/optimize/powell.go:280.35,283.15 3 1
/home/pascal/Dropbox/projets/go/optimize/powell.go:283.15,291.5 7 0
/home/pascal/Dropbox/projets/go/optimize/powell.go:292.9,296.4 3 0
/home/pascal/Dropbox/projets/go/optimize/powell.go:321.89,330.2 1 1
/home/pascal/Dropbox/projets/go/optimize/powell.go:331.55,334.2 2 0
/home/pascal/Dropbox/projets/go/optimize/powell.go:335.104,341.20 6 1
/home/pascal/Dropbox/projets/go/optimize/powell.go:357.2,357.41 1 1
/home/pascal/Dropbox/projets/go/optimize/powell.go:342.9,343.69 1 1
/home/pascal/Dropbox/projets/go/optimize/powell.go:344.9,345.83 1 0
/home/pascal/Dropbox/projets/go/optimize/powell.go:346.9,348.14 2 0
/home/pascal/Dropbox/projets/go/optimize/powell.go:351.3,352.32 2 0
/home/pascal/Dropbox/projets/go/optimize/powell.go:355.3,355.15 1 0
/home/pascal/Dropbox/projets/go/optimize/powell.go:348.14,350.4 1 0
/home/pascal/Dropbox/projets/go/optimize/powell.go:352.32,354.4 1 0
/home/pascal/Dropbox/projets/go/optimize/powell.go:360.38,378.13 9 1
/home/pascal/Dropbox/projets/go/optimize/powell.go:385.2,388.24 4 1
/home/pascal/Dropbox/projets/go/optimize/powell.go:483.2,483.64 1 1
/home/pascal/Dropbox/projets/go/optimize/powell.go:378.13,381.3 2 1
/home/pascal/Dropbox/projets/go/optimize/powell.go:381.8,384.3 2 1
/home/pascal/Dropbox/projets/go/optimize/powell.go:388.24,393.44 4 1
/home/pascal/Dropbox/projets/go/optimize/powell.go:399.3,399.31 1 1
/home/pascal/Dropbox/projets/go/optimize/powell.go:438.3,438.27 1 1
/home/pascal/Dropbox/projets/go/optimize/powell.go:447.3,450.14 3 1
/home/pascal/Dropbox/projets/go/optimize/powell.go:478.3,478.9 1 1
/home/pascal/Dropbox/projets/go/optimize/powell.go:393.44,394.9 1 1
/home/pascal/Dropbox/projets/go/optimize/powell.go:399.31,400.17 1 1
/home/pascal/Dropbox/projets/go/optimize/powell.go:405.4,405.22 1 1
/home/pascal/Dropbox/projets/go/optimize/powell.go:400.17,402.5 1 1
/home/pascal/Dropbox/projets/go/optimize/powell.go:402.10,404.5 1 1
/home/pascal/Dropbox/projets/go/optimize/powell.go:406.9,411.18 5 1
/home/pascal/Dropbox/projets/go/optimize/powell.go:414.4,419.47 4 1
/home/pascal/Dropbox/projets/go/optimize/powell.go:411.18,413.5 1 1
/home/pascal/Dropbox/projets/go/optimize/powell.go:419.47,422.37 3 1
/home/pascal/Dropbox/projets/go/optimize/powell.go:422.37,423.21 1 1
/home/pascal/Dropbox/projets/go/optimize/powell.go:423.21,425.7 1 1
/home/pascal/Dropbox/projets/go/optimize/powell.go:425.12,427.7 1 1
/home/pascal/Dropbox/projets/go/optimize/powell.go:429.10,430.18 1 1
/home/pascal/Dropbox/projets/go/optimize/powell.go:435.5,435.23 1 1
/home/pascal/Dropbox/projets/go/optimize/powell.go:430.18,432.6 1 0
/home/pascal/Dropbox/projets/go/optimize/powell.go:432.11,434.6 1 1
/home/pascal/Dropbox/projets/go/optimize/powell.go:438.27,439.16 1 1
/home/pascal/Dropbox/projets/go/optimize/powell.go:439.16,441.5 1 1
/home/pascal/Dropbox/projets/go/optimize/powell.go:441.10,443.5 1 0
/home/pascal/Dropbox/projets/go/optimize/powell.go:444.9,446.4 1 1
/home/pascal/Dropbox/projets/go/optimize/powell.go:450.14,451.13 1 1
/home/pascal/Dropbox/projets/go/optimize/powell.go:456.4,456.30 1 1
/home/pascal/Dropbox/projets/go/optimize/powell.go:451.13,453.5 1 1
/home/pascal/Dropbox/projets/go/optimize/powell.go:453.10,455.5 1 1
/home/pascal/Dropbox/projets/go/optimize/powell.go:456.30,461.5 4 1
/home/pascal/Dropbox/projets/go/optimize/powell.go:461.10,461.49 1 1
/home/pascal/Dropbox/projets/go/optimize/powell.go:461.49,464.5 2 1
/home/pascal/Dropbox/projets/go/optimize/powell.go:465.9,466.14 1 1
/home/pascal/Dropbox/projets/go/optimize/powell.go:471.4,476.11 6 1
/home/pascal/Dropbox/projets/go/optimize/powell.go:466.14,468.5 1 1
/home/pascal/Dropbox/projets/go/optimize/powell.go:468.10,470.5 1 1
/home/pascal/Dropbox/projets/go/optimize/brent.go:13.93,15.29 2 0
/home/pascal/Dropbox/projets/go/optimize/brent.go:21.2,26.16 3 0
/home/pascal/Dropbox/projets/go/optimize/brent.go:30.2,30.23 1 0
/home/pascal/Dropbox/projets/go/optimize/brent.go:34.2,39.32 4 0
/home/pascal/Dropbox/projets/go/optimize/brent.go:101.2,101.19 1 0
/home/pascal/Dropbox/projets/go/optimize/brent.go:105.2,105.15 1 0
/home/pascal/Dropbox/projets/go/optimize/brent.go:15.29,16.12 1 0
/home/pascal/Dropbox/projets/go/optimize/brent.go:19.3,19.11 1 0
/home/pascal/Dropbox/projets/go/optimize/brent.go:16.12,18.4 1 0
/home/pascal/Dropbox/projets/go/optimize/brent.go:26.16,28.3 1 0
/home/pascal/Dropbox/projets/go/optimize/brent.go:30.23,32.3 1 0
/home/pascal/Dropbox/projets/go/optimize/brent.go:39.32,40.20 1 0
/home/pascal/Dropbox/projets/go/optimize/brent.go:43.3,44.17 2 0
/home/pascal/Dropbox/projets/go/optimize/brent.go:52.3,52.27 1 0
/home/pascal/Dropbox/projets/go/optimize/brent.go:66.3,68.14 3 0
/home/pascal/Dropbox/projets/go/optimize/brent.go:76.3,76.26 1 0
/home/pascal/Dropbox/projets/go/optimize/brent.go:84.3,90.16 4 0
/home/pascal/Dropbox/projets/go/optimize/brent.go:96.3,96.24 1 0
/home/pascal/Dropbox/projets/go/optimize/brent.go:40.20,42.4 1 0
/home/pascal/Dropbox/projets/go/optimize/brent.go:44.17,46.4 1 0
/home/pascal/Dropbox/projets/go/optimize/brent.go:52.27,56.4 1 0
/home/pascal/Dropbox/projets/go/optimize/brent.go:56.9,58.4 1 0
/home/pascal/Dropbox/projets/go/optimize/brent.go:68.14,69.13 1 0
/home/pascal/Dropbox/projets/go/optimize/brent.go:69.13,71.5 1 0
/home/pascal/Dropbox/projets/go/optimize/brent.go:71.10,73.5 1 0
/home/pascal/Dropbox/projets/go/optimize/brent.go:76.26,79.4 2 0
/home/pascal/Dropbox/projets/go/optimize/brent.go:79.9,81.4 1 0
/home/pascal/Dropbox/projets/go/optimize/brent.go:90.16,92.4 1 0
/home/pascal/Dropbox/projets/go/optimize/brent.go:92.9,94.4 1 0
/home/pascal/Dropbox/projets/go/optimize/brent.go:96.24,98.4 1 0
/home/pascal/Dropbox/projets/go/optimize/brent.go:101.19,103.3 1 0
/home/pascal/Dropbox/projets/go/optimize/brent.go:110.98,118.16 5 1
/home/pascal/Dropbox/projets/go/optimize/brent.go:122.2,122.23 1 1
/home/pascal/Dropbox/projets/go/optimize/brent.go:125.2,127.32 2 1
/home/pascal/Dropbox/projets/go/optimize/brent.go:146.2,146.19 1 1
/home/pascal/Dropbox/projets/go/optimize/brent.go:150.2,150.15 1 1
/home/pascal/Dropbox/projets/go/optimize/brent.go:118.16,120.3 1 0
/home/pascal/Dropbox/projets/go/optimize/brent.go:122.23,124.3 1 0
/home/pascal/Dropbox/projets/go/optimize/brent.go:127.32,128.20 1 1
/home/pascal/Dropbox/projets/go/optimize/brent.go:131.3,135.16 4 1
/home/pascal/Dropbox/projets/go/optimize/brent.go:141.3,141.24 1 1
/home/pascal/Dropbox/projets/go/optimize/brent.go:128.20,130.4 1 1
/home/pascal/Dropbox/projets/go/optimize/brent.go:135.16,137.4 1 1
/home/pascal/Dropbox/projets/go/optimize/brent.go:137.9,139.4 1 1
/home/pascal/Dropbox/projets/go/optimize/brent.go:141.24,143.4 1 1
/home/pascal/Dropbox/projets/go/optimize/brent.go:146.19,148.3 1 1
/home/pascal/Dropbox/projets/go/optimize/cmaesbounded.go:51.45,52.18 1 1
/home/pascal/Dropbox/projets/go/optimize/cmaesbounded.go:55.2,55.16 1 0
/home/pascal/Dropbox/projets/go/optimize/cmaesbounded.go:52.18,54.3 1 1
/home/pascal/Dropbox/projets/go/optimize/cmaesbounded.go:127.65,129.2 1 1
/home/pascal/Dropbox/projets/go/optimize/cmaesbounded.go:131.58,133.9 2 1
/home/pascal/Dropbox/projets/go/optimize/cmaesbounded.go:139.2,139.28 1 1
/home/pascal/Dropbox/projets/go/optimize/cmaesbounded.go:142.2,142.31 1 1
/home/pascal/Dropbox/projets/go/optimize/cmaesbounded.go:134.22,135.32 1 0
/home/pascal/Dropbox/projets/go/optimize/cmaesbounded.go:136.15,137.41 1 1
/home/pascal/Dropbox/projets/go/optimize/cmaesbounded.go:139.28,141.3 1 0
/home/pascal/Dropbox/projets/go/optimize/cmaesbounded.go:146.58,147.26 1 0
/home/pascal/Dropbox/projets/go/optimize/cmaesbounded.go:150.2,150.35 1 0
/home/pascal/Dropbox/projets/go/optimize/cmaesbounded.go:147.26,149.3 1 0
/home/pascal/Dropbox/projets/go/optimize/cmaesbounded.go:154.49,155.14 1 1
/home/pascal/Dropbox/projets/go/optimize/cmaesbounded.go:158.2,158.15 1 1
/home/pascal/Dropbox/projets/go/optimize/cmaesbounded.go:164.2,167.18 4 1
/home/pascal/Dropbox/projets/go/optimize/cmaesbounded.go:172.2,174.29 3 1
/home/pascal/Dropbox/projets/go/optimize/cmaesbounded.go:178.2,180.32 3 1
/home/pascal/Dropbox/projets/go/optimize/cmaesbounded.go:183.2,200.27 11 1
/home/pascal/Dropbox/projets/go/optimize/cmaesbounded.go:205.2,206.24 2 1
/home/pascal/Dropbox/projets/go/optimize/cmaesbounded.go:209.2,210.24 2 1
/home/pascal/Dropbox/projets/go/optimize/cmaesbounded.go:213.2,215.29 2 1
/home/pascal/Dropbox/projets/go/optimize/cmaesbounded.go:234.2,242.10 8 1
/home/pascal/Dropbox/projets/go/optimize/cmaesbounded.go:155.14,156.32 1 0
/home/pascal/Dropbox/projets/go/optimize/cmaesbounded.go:158.15,159.25 1 0
/home/pascal/Dropbox/projets/go/optimize/cmaesbounded.go:167.18,169.3 1 1
/home/pascal/Dropbox/projets/go/optimize/cmaesbounded.go:169.8,169.24 1 0
/home/pascal/Dropbox/projets/go/optimize/cmaesbounded.go:169.24,170.49 1 0
/home/pascal/Dropbox/projets/go/optimize/cmaesbounded.go:174.29,177.3 2 1
/home/pascal/Dropbox/projets/go/optimize/cmaesbounded.go:180.32,182.3 1 1
/home/pascal/Dropbox/projets/go/optimize/cmaesbounded.go:200.27,202.3 1 1
/home/pascal/Dropbox/projets/go/optimize/cmaesbounded.go:202.8,202.33 1 0
/home/pascal/Dropbox/projets/go/optimize/cmaesbounded.go:202.33,203.51 1 0
/home/pascal/Dropbox/projets/go/optimize/cmaesbounded.go:206.24,208.3 1 1
/home/pascal/Dropbox/projets/go/optimize/cmaesbounded.go:210.24,212.3 1 1
/home/pascal/Dropbox/projets/go/optimize/cmaesbounded.go:215.29,216.37 1 0
/home/pascal/Dropbox/projets/go/optimize/cmaesbounded.go:219.3,219.35 1 0
/home/pascal/Dropbox/projets/go/optimize/cmaesbounded.go:216.37,217.53 1 0
/home/pascal/Dropbox/projets/go/optimize/cmaesbounded.go:220.8,223.28 2 1
/home/pascal/Dropbox/projets/go/optimize/cmaesbounded.go:226.3,228.10 3 1
/home/pascal/Dropbox/projets/go/optimize/cmaesbounded.go:231.3,231.18 1 1
/home/pascal/Dropbox/projets/go/optimize/cmaesbounded.go:223.28,225.4 1 1
/home/pascal/Dropbox/projets/go/optimize/cmaesbounded.go:228.10,229.56 1 0
/home/pascal/Dropbox/projets/go/optimize/cmaesbounded.go:245.24,246.11 1 1
/home/pascal/Dropbox/projets/go/optimize/cmaesbounded.go:249.2,249.10 1 0
/home/pascal/Dropbox/projets/go/optimize/cmaesbounded.go:246.11,248.3 1 1
/home/pascal/Dropbox/projets/go/optimize/cmaesbounded.go:252.52,253.29 1 1
/home/pascal/Dropbox/projets/go/optimize/cmaesbounded.go:256.2,256.26 1 1
/home/pascal/Dropbox/projets/go/optimize/cmaesbounded.go:253.29,255.3 1 1
/home/pascal/Dropbox/projets/go/optimize/cmaesbounded.go:259.50,261.19 2 1
/home/pascal/Dropbox/projets/go/optimize/cmaesbounded.go:266.2,266.19 1 1
/home/pascal/Dropbox/projets/go/optimize/cmaesbounded.go:261.19,262.95 1 1
/home/pascal/Dropbox/projets/go/optimize/cmaesbounded.go:262.95,264.4 1 1
/home/pascal/Dropbox/projets/go/optimize/cmaesbounded.go:266.19,267.46 1 1
/home/pascal/Dropbox/projets/go/optimize/cmaesbounded.go:276.3,276.46 1 1
/home/pascal/Dropbox/projets/go/optimize/cmaesbounded.go:267.46,268.25 1 1
/home/pascal/Dropbox/projets/go/optimize/cmaesbounded.go:268.25,270.5 1 1
/home/pascal/Dropbox/projets/go/optimize/cmaesbounded.go:270.10,271.28 1 0
/home/pascal/Dropbox/projets/go/optimize/cmaesbounded.go:271.28,273.6 1 0
/home/pascal/Dropbox/projets/go/optimize/cmaesbounded.go:276.46,277.25 1 0
/home/pascal/Dropbox/projets/go/optimize/cmaesbounded.go:277.25,279.5 1 0
/home/pascal/Dropbox/projets/go/optimize/cmaesbounded.go:279.10,280.28 1 0
/home/pascal/Dropbox/projets/go/optimize/cmaesbounded.go:280.28,282.6 1 0
/home/pascal/Dropbox/projets/go/optimize/cmaesbounded.go:290.53,297.2 6 1
/home/pascal/Dropbox/projets/go/optimize/cmaesbounded.go:301.38,304.27 3 1
/home/pascal/Dropbox/projets/go/optimize/cmaesbounded.go:314.2,314.13 1 1
/home/pascal/Dropbox/projets/go/optimize/cmaesbounded.go:304.27,305.20 1 1
/home/pascal/Dropbox/projets/go/optimize/cmaesbounded.go:309.3,309.19 1 1
/home/pascal/Dropbox/projets/go/optimize/cmaesbounded.go:305.20,306.12 1 1
/home/pascal/Dropbox/projets/go/optimize/cmaesbounded.go:309.19,312.4 2 1
/home/pascal/Dropbox/projets/go/optimize/cmaesbounded.go:319.62,325.16 4 1
/home/pascal/Dropbox/projets/go/optimize/cmaesbounded.go:329.2,329.20 1 1
/home/pascal/Dropbox/projets/go/optimize/cmaesbounded.go:340.2,340.13 1 1
/home/pascal/Dropbox/projets/go/optimize/cmaesbounded.go:325.16,328.3 2 1
/home/pascal/Dropbox/projets/go/optimize/cmaesbounded.go:329.20,332.3 2 0
/home/pascal/Dropbox/projets/go/optimize/cmaesbounded.go:332.8,333.24 1 1
/home/pascal/Dropbox/projets/go/optimize/cmaesbounded.go:337.3,338.26 2 1
/home/pascal/Dropbox/projets/go/optimize/cmaesbounded.go:333.24,336.4 2 1
/home/pascal/Dropbox/projets/go/optimize/cmaesbounded.go:344.87,352.6 4 1
/home/pascal/Dropbox/projets/go/optimize/cmaesbounded.go:409.2,409.28 1 1
/home/pascal/Dropbox/projets/go/optimize/cmaesbounded.go:421.2,421.21 1 1
/home/pascal/Dropbox/projets/go/optimize/cmaesbounded.go:432.2,432.19 1 1
/home/pascal/Dropbox/projets/go/optimize/cmaesbounded.go:352.6,354.20 2 1
/home/pascal/Dropbox/projets/go/optimize/cmaesbounded.go:355.11,356.30 1 0
/home/pascal/Dropbox/projets/go/optimize/cmaesbounded.go:357.31,358.14 1 1
/home/pascal/Dropbox/projets/go/optimize/cmaesbounded.go:359.32,362.28 1 1
/home/pascal/Dropbox/projets/go/optimize/cmaesbounded.go:363.32,366.11 3 1
/home/pascal/Dropbox/projets/go/optimize/cmaesbounded.go:367.31,370.18 2 1
/home/pascal/Dropbox/projets/go/optimize/cmaesbounded.go:371.35,374.18 1 0
/home/pascal/Dropbox/projets/go/optimize/cmaesbounded.go:375.12,377.35 1 1
/home/pascal/Dropbox/projets/go/optimize/cmaesbounded.go:380.5,387.27 5 1
/home/pascal/Dropbox/projets/go/optimize/cmaesbounded.go:391.5,391.12 1 1
/home/pascal/Dropbox/projets/go/optimize/cmaesbounded.go:401.5,401.23 1 1
/home/pascal/Dropbox/projets/go/optimize/cmaesbounded.go:377.35,378.24 1 0
/home/pascal/Dropbox/projets/go/optimize/cmaesbounded.go:387.27,390.6 2 1
/home/pascal/Dropbox/projets/go/optimize/cmaesbounded.go:392.21,394.35 2 0
/home/pascal/Dropbox/projets/go/optimize/cmaesbounded.go:395.58,396.35 1 0
/home/pascal/Dropbox/projets/go/optimize/cmaesbounded.go:397.13,399.18 2 1
/home/pascal/Dropbox/projets/go/optimize/cmaesbounded.go:409.28,410.18 1 1
/home/pascal/Dropbox/projets/go/optimize/cmaesbounded.go:411.32,411.32 0 0
/home/pascal/Dropbox/projets/go/optimize/cmaesbounded.go:412.32,413.28 1 1
/home/pascal/Dropbox/projets/go/optimize/cmaesbounded.go:414.11,415.30 1 0
/home/pascal/Dropbox/projets/go/optimize/cmaesbounded.go:421.21,423.45 2 1
/home/pascal/Dropbox/projets/go/optimize/cmaesbounded.go:423.45,430.4 6 0
/home/pascal/Dropbox/projets/go/optimize/cmaesbounded.go:437.39,442.25 4 1
/home/pascal/Dropbox/projets/go/optimize/cmaesbounded.go:445.2,451.26 4 1
/home/pascal/Dropbox/projets/go/optimize/cmaesbounded.go:454.2,454.32 1 1
/home/pascal/Dropbox/projets/go/optimize/cmaesbounded.go:458.2,474.16 12 1
/home/pascal/Dropbox/projets/go/optimize/cmaesbounded.go:477.2,482.20 4 1
/home/pascal/Dropbox/projets/go/optimize/cmaesbounded.go:485.2,487.32 3 1
/home/pascal/Dropbox/projets/go/optimize/cmaesbounded.go:494.2,496.12 3 1
/home/pascal/Dropbox/projets/go/optimize/cmaesbounded.go:442.25,444.3 1 1
/home/pascal/Dropbox/projets/go/optimize/cmaesbounded.go:451.26,453.3 1 1
/home/pascal/Dropbox/projets/go/optimize/cmaesbounded.go:454.32,457.3 2 1
/home/pascal/Dropbox/projets/go/optimize/cmaesbounded.go:474.16,476.3 1 0
/home/pascal/Dropbox/projets/go/optimize/cmaesbounded.go:482.20,484.3 1 0
/home/pascal/Dropbox/projets/go/optimize/cmaesbounded.go:487.32,491.3 3 1
/home/pascal/Dropbox/projets/go/optimize/cmaesbounded.go:504.31,506.2 1 1
/home/pascal/Dropbox/projets/go/optimize/cmaesbounded.go:507.41,509.2 1 1
/home/pascal/Dropbox/projets/go/optimize/cmaesbounded.go:510.36,513.2 2 1
