mode: atomic
/home/pascal/Dropbox/projets/go/optimize/brent.go:13.93,15.29 2 0
/home/pascal/Dropbox/projets/go/optimize/brent.go:21.2,27.16 3 0
/home/pascal/Dropbox/projets/go/optimize/brent.go:31.2,31.23 1 0
/home/pascal/Dropbox/projets/go/optimize/brent.go:35.2,40.32 4 0
/home/pascal/Dropbox/projets/go/optimize/brent.go:102.2,102.19 1 0
/home/pascal/Dropbox/projets/go/optimize/brent.go:106.2,106.15 1 0
/home/pascal/Dropbox/projets/go/optimize/brent.go:15.29,16.12 1 0
/home/pascal/Dropbox/projets/go/optimize/brent.go:19.3,19.11 1 0
/home/pascal/Dropbox/projets/go/optimize/brent.go:16.12,18.4 1 0
/home/pascal/Dropbox/projets/go/optimize/brent.go:27.16,29.3 1 0
/home/pascal/Dropbox/projets/go/optimize/brent.go:31.23,33.3 1 0
/home/pascal/Dropbox/projets/go/optimize/brent.go:40.32,41.20 1 0
/home/pascal/Dropbox/projets/go/optimize/brent.go:44.3,45.17 2 0
/home/pascal/Dropbox/projets/go/optimize/brent.go:53.3,53.27 1 0
/home/pascal/Dropbox/projets/go/optimize/brent.go:67.3,69.14 3 0
/home/pascal/Dropbox/projets/go/optimize/brent.go:77.3,77.26 1 0
/home/pascal/Dropbox/projets/go/optimize/brent.go:85.3,91.16 4 0
/home/pascal/Dropbox/projets/go/optimize/brent.go:97.3,97.24 1 0
/home/pascal/Dropbox/projets/go/optimize/brent.go:41.20,43.4 1 0
/home/pascal/Dropbox/projets/go/optimize/brent.go:45.17,47.4 1 0
/home/pascal/Dropbox/projets/go/optimize/brent.go:53.27,57.4 1 0
/home/pascal/Dropbox/projets/go/optimize/brent.go:57.9,59.4 1 0
/home/pascal/Dropbox/projets/go/optimize/brent.go:69.14,70.13 1 0
/home/pascal/Dropbox/projets/go/optimize/brent.go:70.13,72.5 1 0
/home/pascal/Dropbox/projets/go/optimize/brent.go:72.10,74.5 1 0
/home/pascal/Dropbox/projets/go/optimize/brent.go:77.26,80.4 2 0
/home/pascal/Dropbox/projets/go/optimize/brent.go:80.9,82.4 1 0
/home/pascal/Dropbox/projets/go/optimize/brent.go:91.16,93.4 1 0
/home/pascal/Dropbox/projets/go/optimize/brent.go:93.9,95.4 1 0
/home/pascal/Dropbox/projets/go/optimize/brent.go:97.24,99.4 1 0
/home/pascal/Dropbox/projets/go/optimize/brent.go:102.19,104.3 1 0
/home/pascal/Dropbox/projets/go/optimize/brent.go:111.98,120.16 5 1
/home/pascal/Dropbox/projets/go/optimize/brent.go:124.2,124.23 1 1
/home/pascal/Dropbox/projets/go/optimize/brent.go:127.2,129.32 2 1
/home/pascal/Dropbox/projets/go/optimize/brent.go:148.2,148.19 1 1
/home/pascal/Dropbox/projets/go/optimize/brent.go:152.2,152.15 1 1
/home/pascal/Dropbox/projets/go/optimize/brent.go:120.16,122.3 1 0
/home/pascal/Dropbox/projets/go/optimize/brent.go:124.23,126.3 1 0
/home/pascal/Dropbox/projets/go/optimize/brent.go:129.32,130.20 1 4
/home/pascal/Dropbox/projets/go/optimize/brent.go:133.3,137.16 4 4
/home/pascal/Dropbox/projets/go/optimize/brent.go:143.3,143.24 1 4
/home/pascal/Dropbox/projets/go/optimize/brent.go:130.20,132.4 1 4
/home/pascal/Dropbox/projets/go/optimize/brent.go:137.16,139.4 1 2
/home/pascal/Dropbox/projets/go/optimize/brent.go:139.9,141.4 1 2
/home/pascal/Dropbox/projets/go/optimize/brent.go:143.24,145.4 1 1
/home/pascal/Dropbox/projets/go/optimize/brent.go:148.19,150.3 1 1
/home/pascal/Dropbox/projets/go/optimize/gss.go:34.93,36.2 1 1
/home/pascal/Dropbox/projets/go/optimize/gss.go:37.110,38.11 1 1
/home/pascal/Dropbox/projets/go/optimize/gss.go:41.2,43.6 3 1
/home/pascal/Dropbox/projets/go/optimize/gss.go:38.11,40.3 1 0
/home/pascal/Dropbox/projets/go/optimize/gss.go:43.6,44.20 1 33
/home/pascal/Dropbox/projets/go/optimize/gss.go:47.3,48.14 2 33
/home/pascal/Dropbox/projets/go/optimize/gss.go:51.3,51.12 1 32
/home/pascal/Dropbox/projets/go/optimize/gss.go:54.3,54.20 1 32
/home/pascal/Dropbox/projets/go/optimize/gss.go:58.3,58.20 1 32
/home/pascal/Dropbox/projets/go/optimize/gss.go:62.3,62.14 1 32
/home/pascal/Dropbox/projets/go/optimize/gss.go:44.20,46.4 1 33
/home/pascal/Dropbox/projets/go/optimize/gss.go:48.14,50.4 1 1
/home/pascal/Dropbox/projets/go/optimize/gss.go:51.12,53.4 1 0
/home/pascal/Dropbox/projets/go/optimize/gss.go:54.20,57.4 2 17
/home/pascal/Dropbox/projets/go/optimize/gss.go:58.20,61.4 2 16
/home/pascal/Dropbox/projets/go/optimize/gss.go:62.14,64.4 1 17
/home/pascal/Dropbox/projets/go/optimize/gss.go:64.9,66.4 1 15
/home/pascal/Dropbox/projets/go/optimize/powell.go:18.49,21.2 2 1
/home/pascal/Dropbox/projets/go/optimize/powell.go:24.78,26.2 1 1
/home/pascal/Dropbox/projets/go/optimize/powell.go:50.30,57.29 3 1
/home/pascal/Dropbox/projets/go/optimize/powell.go:65.2,66.31 2 1
/home/pascal/Dropbox/projets/go/optimize/powell.go:71.2,74.33 3 1
/home/pascal/Dropbox/projets/go/optimize/powell.go:93.2,95.25 3 1
/home/pascal/Dropbox/projets/go/optimize/powell.go:99.2,104.23 6 1
/home/pascal/Dropbox/projets/go/optimize/powell.go:107.2,107.6 1 1
/home/pascal/Dropbox/projets/go/optimize/powell.go:161.2,162.22 2 1
/home/pascal/Dropbox/projets/go/optimize/powell.go:183.2,184.10 2 1
/home/pascal/Dropbox/projets/go/optimize/powell.go:57.29,58.12 1 4
/home/pascal/Dropbox/projets/go/optimize/powell.go:61.3,61.11 1 4
/home/pascal/Dropbox/projets/go/optimize/powell.go:58.12,60.4 1 0
/home/pascal/Dropbox/projets/go/optimize/powell.go:66.31,70.3 3 40
/home/pascal/Dropbox/projets/go/optimize/powell.go:74.33,77.3 2 1
/home/pascal/Dropbox/projets/go/optimize/powell.go:77.8,77.25 1 0
/home/pascal/Dropbox/projets/go/optimize/powell.go:77.25,80.30 1 0
/home/pascal/Dropbox/projets/go/optimize/powell.go:80.30,82.4 1 0
/home/pascal/Dropbox/projets/go/optimize/powell.go:82.9,84.4 1 0
/home/pascal/Dropbox/projets/go/optimize/powell.go:85.8,85.24 1 0
/home/pascal/Dropbox/projets/go/optimize/powell.go:85.24,86.31 1 0
/home/pascal/Dropbox/projets/go/optimize/powell.go:86.31,88.4 1 0
/home/pascal/Dropbox/projets/go/optimize/powell.go:88.9,90.4 1 0
/home/pascal/Dropbox/projets/go/optimize/powell.go:95.25,97.3 1 2
/home/pascal/Dropbox/projets/go/optimize/powell.go:104.23,106.3 1 2
/home/pascal/Dropbox/projets/go/optimize/powell.go:107.6,111.27 4 2
/home/pascal/Dropbox/projets/go/optimize/powell.go:120.3,121.22 2 2
/home/pascal/Dropbox/projets/go/optimize/powell.go:124.3,125.27 2 2
/home/pascal/Dropbox/projets/go/optimize/powell.go:128.3,128.23 1 1
/home/pascal/Dropbox/projets/go/optimize/powell.go:131.3,131.22 1 1
/home/pascal/Dropbox/projets/go/optimize/powell.go:138.3,138.24 1 1
/home/pascal/Dropbox/projets/go/optimize/powell.go:143.3,145.15 2 1
/home/pascal/Dropbox/projets/go/optimize/powell.go:111.27,115.28 4 4
/home/pascal/Dropbox/projets/go/optimize/powell.go:115.28,118.5 2 4
/home/pascal/Dropbox/projets/go/optimize/powell.go:121.22,123.4 1 2
/home/pascal/Dropbox/projets/go/optimize/powell.go:125.27,126.9 1 1
/home/pascal/Dropbox/projets/go/optimize/powell.go:128.23,129.9 1 0
/home/pascal/Dropbox/projets/go/optimize/powell.go:131.22,132.9 1 0
/home/pascal/Dropbox/projets/go/optimize/powell.go:138.24,142.4 3 2
/home/pascal/Dropbox/projets/go/optimize/powell.go:145.15,151.15 6 0
/home/pascal/Dropbox/projets/go/optimize/powell.go:151.15,157.5 3 0
/home/pascal/Dropbox/projets/go/optimize/powell.go:162.22,166.18 3 0
/home/pascal/Dropbox/projets/go/optimize/powell.go:166.18,168.4 1 0
/home/pascal/Dropbox/projets/go/optimize/powell.go:169.8,169.28 1 1
/home/pascal/Dropbox/projets/go/optimize/powell.go:169.28,173.18 3 0
/home/pascal/Dropbox/projets/go/optimize/powell.go:173.18,175.4 1 0
/home/pascal/Dropbox/projets/go/optimize/powell.go:176.8,178.18 1 1
/home/pascal/Dropbox/projets/go/optimize/powell.go:178.18,180.4 1 1
/home/pascal/Dropbox/projets/go/optimize/powell.go:191.47,193.36 2 4
/home/pascal/Dropbox/projets/go/optimize/powell.go:202.2,208.19 5 4
/home/pascal/Dropbox/projets/go/optimize/powell.go:213.2,213.26 1 4
/home/pascal/Dropbox/projets/go/optimize/powell.go:193.36,197.24 2 38
/home/pascal/Dropbox/projets/go/optimize/powell.go:200.3,200.19 1 38
/home/pascal/Dropbox/projets/go/optimize/powell.go:197.24,199.4 1 76
/home/pascal/Dropbox/projets/go/optimize/powell.go:208.19,211.3 2 8
/home/pascal/Dropbox/projets/go/optimize/powell.go:227.118,236.13 6 4
/home/pascal/Dropbox/projets/go/optimize/powell.go:240.2,244.14 5 4
/home/pascal/Dropbox/projets/go/optimize/powell.go:304.2,304.41 1 3
/home/pascal/Dropbox/projets/go/optimize/powell.go:236.13,239.3 2 2
/home/pascal/Dropbox/projets/go/optimize/powell.go:244.14,248.36 4 2
/home/pascal/Dropbox/projets/go/optimize/powell.go:253.3,255.23 3 2
/home/pascal/Dropbox/projets/go/optimize/powell.go:258.3,259.26 2 2
/home/pascal/Dropbox/projets/go/optimize/powell.go:297.3,302.10 6 1
/home/pascal/Dropbox/projets/go/optimize/powell.go:248.36,250.4 1 0
/home/pascal/Dropbox/projets/go/optimize/powell.go:250.9,252.4 1 2
/home/pascal/Dropbox/projets/go/optimize/powell.go:255.23,257.4 1 0
/home/pascal/Dropbox/projets/go/optimize/powell.go:259.26,262.15 3 1
/home/pascal/Dropbox/projets/go/optimize/powell.go:273.4,275.14 3 0
/home/pascal/Dropbox/projets/go/optimize/powell.go:262.15,268.5 5 1
/home/pascal/Dropbox/projets/go/optimize/powell.go:268.10,268.22 1 0
/home/pascal/Dropbox/projets/go/optimize/powell.go:268.22,272.5 3 0
/home/pascal/Dropbox/projets/go/optimize/powell.go:276.9,276.39 1 1
/home/pascal/Dropbox/projets/go/optimize/powell.go:276.39,280.4 3 0
/home/pascal/Dropbox/projets/go/optimize/powell.go:280.9,280.35 1 1
/home/pascal/Dropbox/projets/go/optimize/powell.go:280.35,283.15 3 1
/home/pascal/Dropbox/projets/go/optimize/powell.go:283.15,291.5 7 0
/home/pascal/Dropbox/projets/go/optimize/powell.go:292.9,296.4 3 0
/home/pascal/Dropbox/projets/go/optimize/powell.go:321.89,330.2 1 4
/home/pascal/Dropbox/projets/go/optimize/powell.go:331.55,334.2 2 0
/home/pascal/Dropbox/projets/go/optimize/powell.go:335.104,341.20 6 4
/home/pascal/Dropbox/projets/go/optimize/powell.go:357.2,357.41 1 4
/home/pascal/Dropbox/projets/go/optimize/powell.go:342.9,343.69 1 4
/home/pascal/Dropbox/projets/go/optimize/powell.go:344.9,345.83 1 0
/home/pascal/Dropbox/projets/go/optimize/powell.go:346.9,348.14 2 0
/home/pascal/Dropbox/projets/go/optimize/powell.go:351.3,352.32 2 0
/home/pascal/Dropbox/projets/go/optimize/powell.go:355.3,355.15 1 0
/home/pascal/Dropbox/projets/go/optimize/powell.go:348.14,350.4 1 0
/home/pascal/Dropbox/projets/go/optimize/powell.go:352.32,354.4 1 0
/home/pascal/Dropbox/projets/go/optimize/powell.go:360.38,378.13 9 4
/home/pascal/Dropbox/projets/go/optimize/powell.go:385.2,388.24 4 4
/home/pascal/Dropbox/projets/go/optimize/powell.go:483.2,483.64 1 4
/home/pascal/Dropbox/projets/go/optimize/powell.go:378.13,381.3 2 2
/home/pascal/Dropbox/projets/go/optimize/powell.go:381.8,384.3 2 2
/home/pascal/Dropbox/projets/go/optimize/powell.go:388.24,393.44 4 28
/home/pascal/Dropbox/projets/go/optimize/powell.go:399.3,399.31 1 24
/home/pascal/Dropbox/projets/go/optimize/powell.go:438.3,438.27 1 24
/home/pascal/Dropbox/projets/go/optimize/powell.go:447.3,450.14 3 24
/home/pascal/Dropbox/projets/go/optimize/powell.go:478.3,478.9 1 24
/home/pascal/Dropbox/projets/go/optimize/powell.go:393.44,394.9 1 4
/home/pascal/Dropbox/projets/go/optimize/powell.go:399.31,400.17 1 5
/home/pascal/Dropbox/projets/go/optimize/powell.go:405.4,405.22 1 5
/home/pascal/Dropbox/projets/go/optimize/powell.go:400.17,402.5 1 4
/home/pascal/Dropbox/projets/go/optimize/powell.go:402.10,404.5 1 1
/home/pascal/Dropbox/projets/go/optimize/powell.go:406.9,411.18 5 19
/home/pascal/Dropbox/projets/go/optimize/powell.go:414.4,419.47 4 19
/home/pascal/Dropbox/projets/go/optimize/powell.go:411.18,413.5 1 5
/home/pascal/Dropbox/projets/go/optimize/powell.go:419.47,422.37 3 15
/home/pascal/Dropbox/projets/go/optimize/powell.go:422.37,423.21 1 4
/home/pascal/Dropbox/projets/go/optimize/powell.go:423.21,425.7 1 1
/home/pascal/Dropbox/projets/go/optimize/powell.go:425.12,427.7 1 3
/home/pascal/Dropbox/projets/go/optimize/powell.go:429.10,430.18 1 4
/home/pascal/Dropbox/projets/go/optimize/powell.go:435.5,435.23 1 4
/home/pascal/Dropbox/projets/go/optimize/powell.go:430.18,432.6 1 0
/home/pascal/Dropbox/projets/go/optimize/powell.go:432.11,434.6 1 4
/home/pascal/Dropbox/projets/go/optimize/powell.go:438.27,439.16 1 3
/home/pascal/Dropbox/projets/go/optimize/powell.go:439.16,441.5 1 3
/home/pascal/Dropbox/projets/go/optimize/powell.go:441.10,443.5 1 0
/home/pascal/Dropbox/projets/go/optimize/powell.go:444.9,446.4 1 21
/home/pascal/Dropbox/projets/go/optimize/powell.go:450.14,451.13 1 19
/home/pascal/Dropbox/projets/go/optimize/powell.go:456.4,456.30 1 19
/home/pascal/Dropbox/projets/go/optimize/powell.go:451.13,453.5 1 9
/home/pascal/Dropbox/projets/go/optimize/powell.go:453.10,455.5 1 10
/home/pascal/Dropbox/projets/go/optimize/powell.go:456.30,461.5 4 15
/home/pascal/Dropbox/projets/go/optimize/powell.go:461.10,461.49 1 4
/home/pascal/Dropbox/projets/go/optimize/powell.go:461.49,464.5 2 3
/home/pascal/Dropbox/projets/go/optimize/powell.go:465.9,466.14 1 5
/home/pascal/Dropbox/projets/go/optimize/powell.go:471.4,476.11 6 5
/home/pascal/Dropbox/projets/go/optimize/powell.go:466.14,468.5 1 3
/home/pascal/Dropbox/projets/go/optimize/powell.go:468.10,470.5 1 2
